<?xml version="1.0" encoding="UTF-8"?>
<robot generator="Robot 4.0.2 (Python 3.9.5 on win32)" generated="20210621 19:36:04.955" rpa="false" schemaversion="2">
<suite id="s1" name="Tests" source="C:\Users\Andrii\Desktop\rf_opencart-develop\Tests">
<suite id="s1-s1" name="Opencart Main Page Tests" source="C:\Users\Andrii\Desktop\rf_opencart-develop\Tests\opencart_main_page_tests.robot">
<kw name="Open Browser" library="SeleniumLibrary" type="SETUP">
<arg>browser=${BROWSER}</arg>
<doc>Opens a new browser instance to the optional ``url``.</doc>
<msg timestamp="20210621 19:36:08.987" level="INFO">Opening browser 'chrome' to base url 'None'.</msg>
<status status="PASS" starttime="20210621 19:36:08.971" endtime="20210621 19:36:19.466"/>
</kw>
<test id="s1-s1-t1" name="Check title">
<kw name="Go To" library="SeleniumLibrary" type="SETUP">
<arg>url=${URL}</arg>
<doc>Navigates the current browser window to the provided ``url``.</doc>
<msg timestamp="20210621 19:36:19.469" level="INFO">Opening url 'https://demo.opencart.com'</msg>
<status status="PASS" starttime="20210621 19:36:19.468" endtime="20210621 19:36:21.535"/>
</kw>
<kw name="verify page title should contains" library="MainPage">
<arg>Your Store</arg>
<kw name="Sleep" library="BuiltIn">
<arg>2</arg>
<doc>Pauses the test executed for the given time.</doc>
<msg timestamp="20210621 19:36:23.563" level="INFO">Slept 2 seconds</msg>
<status status="PASS" starttime="20210621 19:36:21.537" endtime="20210621 19:36:23.563"/>
</kw>
<kw name="Get Title" library="SeleniumLibrary">
<var>${TITLE}</var>
<doc>Returns the title of the current page.</doc>
<msg timestamp="20210621 19:36:23.594" level="INFO">${TITLE} = Your Store</msg>
<status status="PASS" starttime="20210621 19:36:23.563" endtime="20210621 19:36:23.594"/>
</kw>
<kw name="Should Contain" library="BuiltIn">
<arg>${TITLE}</arg>
<arg>${VALUE}</arg>
<doc>Fails if ``container`` does not contain ``item`` one or more times.</doc>
<status status="PASS" starttime="20210621 19:36:23.594" endtime="20210621 19:36:23.594"/>
</kw>
<status status="PASS" starttime="20210621 19:36:21.536" endtime="20210621 19:36:23.594"/>
</kw>
<status status="PASS" starttime="20210621 19:36:19.467" endtime="20210621 19:36:23.594"/>
</test>
<test id="s1-s1-t2" name="Check search title">
<kw name="Go To" library="SeleniumLibrary" type="SETUP">
<arg>url=${URL}</arg>
<doc>Navigates the current browser window to the provided ``url``.</doc>
<msg timestamp="20210621 19:36:23.610" level="INFO">Opening url 'https://demo.opencart.com'</msg>
<status status="PASS" starttime="20210621 19:36:23.610" endtime="20210621 19:36:24.574"/>
</kw>
<kw name="Search Product" library="MainPage">
<arg>mac</arg>
<kw name="Input Text" library="SeleniumLibrary">
<arg>${SEARCH_INPUT}</arg>
<arg>${request}</arg>
<doc>Types the given ``text`` into the text field identified by ``locator``.</doc>
<msg timestamp="20210621 19:36:24.578" level="INFO">Typing text 'mac' into text field 'css=#search input'.</msg>
<status status="PASS" starttime="20210621 19:36:24.576" endtime="20210621 19:36:24.819"/>
</kw>
<kw name="Click Button" library="SeleniumLibrary">
<arg>${SEARCH_BUTTON}</arg>
<doc>Clicks the button identified by ``locator``.</doc>
<msg timestamp="20210621 19:36:24.820" level="INFO">Clicking button 'css=#search button'.</msg>
<status status="PASS" starttime="20210621 19:36:24.820" endtime="20210621 19:36:26.486"/>
</kw>
<kw name="Wait Until Page Contains Element" library="SeleniumLibrary">
<arg>xpath=//h1[text()='Search - ${request}']</arg>
<doc>Waits until the element ``locator`` appears on the current page.</doc>
<status status="PASS" starttime="20210621 19:36:26.487" endtime="20210621 19:36:26.512"/>
</kw>
<status status="PASS" starttime="20210621 19:36:24.575" endtime="20210621 19:36:26.513"/>
</kw>
<kw name="verify page title should contains" library="MainPage">
<arg>Search - mac</arg>
<kw name="Sleep" library="BuiltIn">
<arg>2</arg>
<doc>Pauses the test executed for the given time.</doc>
<msg timestamp="20210621 19:36:28.529" level="INFO">Slept 2 seconds</msg>
<status status="PASS" starttime="20210621 19:36:26.514" endtime="20210621 19:36:28.529"/>
</kw>
<kw name="Get Title" library="SeleniumLibrary">
<var>${TITLE}</var>
<doc>Returns the title of the current page.</doc>
<msg timestamp="20210621 19:36:28.529" level="INFO">${TITLE} = Search - mac</msg>
<status status="PASS" starttime="20210621 19:36:28.529" endtime="20210621 19:36:28.529"/>
</kw>
<kw name="Should Contain" library="BuiltIn">
<arg>${TITLE}</arg>
<arg>${VALUE}</arg>
<doc>Fails if ``container`` does not contain ``item`` one or more times.</doc>
<status status="PASS" starttime="20210621 19:36:28.529" endtime="20210621 19:36:28.544"/>
</kw>
<status status="PASS" starttime="20210621 19:36:26.513" endtime="20210621 19:36:28.544"/>
</kw>
<status status="PASS" starttime="20210621 19:36:23.610" endtime="20210621 19:36:28.544"/>
</test>
<test id="s1-s1-t3" name="Check shopping cart title">
<kw name="Go To" library="SeleniumLibrary" type="SETUP">
<arg>url=${URL}</arg>
<doc>Navigates the current browser window to the provided ``url``.</doc>
<msg timestamp="20210621 19:36:28.544" level="INFO">Opening url 'https://demo.opencart.com'</msg>
<status status="PASS" starttime="20210621 19:36:28.544" endtime="20210621 19:36:29.638"/>
</kw>
<kw name="Click Link" library="SeleniumLibrary">
<arg>${SHOPPING_CART}</arg>
<doc>Clicks a link identified by ``locator``.</doc>
<msg timestamp="20210621 19:36:29.640" level="INFO">Clicking link 'css:a[title='Shopping Cart']'.</msg>
<status status="PASS" starttime="20210621 19:36:29.639" endtime="20210621 19:36:30.608"/>
</kw>
<kw name="verify page title should contains" library="MainPage">
<arg>Shopping Cart</arg>
<kw name="Sleep" library="BuiltIn">
<arg>2</arg>
<doc>Pauses the test executed for the given time.</doc>
<msg timestamp="20210621 19:36:32.611" level="INFO">Slept 2 seconds</msg>
<status status="PASS" starttime="20210621 19:36:30.610" endtime="20210621 19:36:32.611"/>
</kw>
<kw name="Get Title" library="SeleniumLibrary">
<var>${TITLE}</var>
<doc>Returns the title of the current page.</doc>
<msg timestamp="20210621 19:36:32.611" level="INFO">${TITLE} = Shopping Cart</msg>
<status status="PASS" starttime="20210621 19:36:32.611" endtime="20210621 19:36:32.611"/>
</kw>
<kw name="Should Contain" library="BuiltIn">
<arg>${TITLE}</arg>
<arg>${VALUE}</arg>
<doc>Fails if ``container`` does not contain ``item`` one or more times.</doc>
<status status="PASS" starttime="20210621 19:36:32.627" endtime="20210621 19:36:32.627"/>
</kw>
<status status="PASS" starttime="20210621 19:36:30.609" endtime="20210621 19:36:32.627"/>
</kw>
<status status="PASS" starttime="20210621 19:36:28.544" endtime="20210621 19:36:32.627"/>
</test>
<test id="s1-s1-t4" name="Check checkout title">
<kw name="Go To" library="SeleniumLibrary" type="SETUP">
<arg>url=${URL}</arg>
<doc>Navigates the current browser window to the provided ``url``.</doc>
<msg timestamp="20210621 19:36:32.627" level="INFO">Opening url 'https://demo.opencart.com'</msg>
<status status="PASS" starttime="20210621 19:36:32.627" endtime="20210621 19:36:33.718"/>
</kw>
<kw name="Click Link" library="SeleniumLibrary">
<arg>${CHECKOUT}</arg>
<doc>Clicks a link identified by ``locator``.</doc>
<msg timestamp="20210621 19:36:33.723" level="INFO">Clicking link 'css:a[title='Checkout']'.</msg>
<status status="PASS" starttime="20210621 19:36:33.719" endtime="20210621 19:36:35.304"/>
</kw>
<kw name="verify page title should contains" library="MainPage">
<arg>Shopping Cart</arg>
<kw name="Sleep" library="BuiltIn">
<arg>2</arg>
<doc>Pauses the test executed for the given time.</doc>
<msg timestamp="20210621 19:36:37.324" level="INFO">Slept 2 seconds</msg>
<status status="PASS" starttime="20210621 19:36:35.311" endtime="20210621 19:36:37.324"/>
</kw>
<kw name="Get Title" library="SeleniumLibrary">
<var>${TITLE}</var>
<doc>Returns the title of the current page.</doc>
<msg timestamp="20210621 19:36:37.324" level="INFO">${TITLE} = Shopping Cart</msg>
<status status="PASS" starttime="20210621 19:36:37.324" endtime="20210621 19:36:37.324"/>
</kw>
<kw name="Should Contain" library="BuiltIn">
<arg>${TITLE}</arg>
<arg>${VALUE}</arg>
<doc>Fails if ``container`` does not contain ``item`` one or more times.</doc>
<status status="PASS" starttime="20210621 19:36:37.339" endtime="20210621 19:36:37.339"/>
</kw>
<status status="PASS" starttime="20210621 19:36:35.309" endtime="20210621 19:36:37.339"/>
</kw>
<status status="PASS" starttime="20210621 19:36:32.627" endtime="20210621 19:36:37.339"/>
</test>
<test id="s1-s1-t5" name="Check wishlist title">
<kw name="Go To" library="SeleniumLibrary" type="SETUP">
<arg>url=${URL}</arg>
<doc>Navigates the current browser window to the provided ``url``.</doc>
<msg timestamp="20210621 19:36:37.339" level="INFO">Opening url 'https://demo.opencart.com'</msg>
<status status="PASS" starttime="20210621 19:36:37.339" endtime="20210621 19:36:38.353"/>
</kw>
<kw name="Click Link" library="SeleniumLibrary">
<arg>${WISHLIST}</arg>
<doc>Clicks a link identified by ``locator``.</doc>
<msg timestamp="20210621 19:36:38.354" level="INFO">Clicking link 'css:a[title='Wish List (0)']'.</msg>
<status status="PASS" starttime="20210621 19:36:38.353" endtime="20210621 19:36:39.951"/>
</kw>
<kw name="verify page title should contains" library="MainPage">
<arg>Account Login</arg>
<kw name="Sleep" library="BuiltIn">
<arg>2</arg>
<doc>Pauses the test executed for the given time.</doc>
<msg timestamp="20210621 19:36:41.958" level="INFO">Slept 2 seconds</msg>
<status status="PASS" starttime="20210621 19:36:39.953" endtime="20210621 19:36:41.958"/>
</kw>
<kw name="Get Title" library="SeleniumLibrary">
<var>${TITLE}</var>
<doc>Returns the title of the current page.</doc>
<msg timestamp="20210621 19:36:41.958" level="INFO">${TITLE} = Account Login</msg>
<status status="PASS" starttime="20210621 19:36:41.958" endtime="20210621 19:36:41.958"/>
</kw>
<kw name="Should Contain" library="BuiltIn">
<arg>${TITLE}</arg>
<arg>${VALUE}</arg>
<doc>Fails if ``container`` does not contain ``item`` one or more times.</doc>
<status status="PASS" starttime="20210621 19:36:41.958" endtime="20210621 19:36:41.973"/>
</kw>
<status status="PASS" starttime="20210621 19:36:39.952" endtime="20210621 19:36:41.973"/>
</kw>
<status status="PASS" starttime="20210621 19:36:37.339" endtime="20210621 19:36:41.973"/>
</test>
<kw name="Close Browser" library="SeleniumLibrary" type="TEARDOWN">
<doc>Closes the current browser.</doc>
<status status="PASS" starttime="20210621 19:36:41.973" endtime="20210621 19:36:44.399"/>
</kw>
<doc>тесты с проверками главной страницы opencart</doc>
<status status="PASS" starttime="20210621 19:36:05.127" endtime="20210621 19:36:44.400"/>
</suite>
<status status="PASS" starttime="20210621 19:36:04.955" endtime="20210621 19:36:44.442"/>
</suite>
<statistics>
<total>
<stat pass="5" fail="0" skip="0">All Tests</stat>
</total>
<tag>
</tag>
<suite>
<stat pass="5" fail="0" skip="0" id="s1" name="Tests">Tests</stat>
<stat pass="5" fail="0" skip="0" id="s1-s1" name="Opencart Main Page Tests">Tests.Opencart Main Page Tests</stat>
</suite>
</statistics>
<errors>
</errors>
</robot>
